{"name": "Checking that authorised user is able to make an order", "status": "broken", "statusDetails": {"message": "selenium.common.exceptions.ElementClickInterceptedException: Message: Element <p class=\"AppHeader_header__linkText__3q_va ml-2\"> is not clickable at point (104,44) because another element <div class=\"Modal_modal_overlay__x2ZCr\"> obscures it\nStacktrace:\nRemoteError@chrome://remote/content/shared/RemoteError.sys.mjs:8:8\nWebDriverError@chrome://remote/content/shared/webdriver/Errors.sys.mjs:189:5\nElementClickInterceptedError@chrome://remote/content/shared/webdriver/Errors.sys.mjs:333:5\nwebdriverClickElement@chrome://remote/content/marionette/interaction.sys.mjs:160:11\ninteraction.clickElement@chrome://remote/content/marionette/interaction.sys.mjs:119:11\nclickElement@chrome://remote/content/marionette/actors/MarionetteCommandsChild.sys.mjs:202:29\nreceiveMessage@chrome://remote/content/marionette/actors/MarionetteCommandsChild.sys.mjs:84:31", "trace": "self = <tests.test_main_functionality.TestMainFunctionality object at 0x00000160F6950CD0>\ndriver = <selenium.webdriver.firefox.webdriver.WebDriver (session=\"041cb6fe-b16c-4409-9764-fd4a3890f2c1\")>, create_user = 'dqrnuzcnsq@ya.ru', sign_in = None\n\n    @allure.title('Checking that authorised user is able to make an order')\n    @allure.description('Checks that authorised user is able to make compile a burger and place an order')\n    def test_authorised_user_place_order(self, driver, create_user, sign_in):\n        main_page = MainPage(driver)\n>       main_page.create_new_order()\n\ntests\\test_main_functionality.py:56: \n_ _ _ _ _ _ _ _ _ _ _ _ _ _ _ _ _ _ _ _ _ _ _ _ _ _ _ _ _ _ _ _ _ _ _ _ _ _ _ _ _ _ _ _ _ _ _ _ _ _ _ _ _ _ _ _ _ _ _ _ _ _ _ _ _ _ _ _ _ _ _ _ _ _ _ _ _ _ _ _ _ _ _ _ _ _ _ _ _ _\npages\\main_page.py:13: in create_new_order\n    self.click_element(Mpl.constructor_button_header)\npages\\base_page.py:19: in click_element\n    WebDriverWait(self.driver, 10).until(ec.visibility_of_element_located(locator)).click()\nvenv\\Lib\\site-packages\\selenium\\webdriver\\remote\\webelement.py:93: in click\n    self._execute(Command.CLICK_ELEMENT)\nvenv\\Lib\\site-packages\\selenium\\webdriver\\remote\\webelement.py:394: in _execute\n    return self._parent.execute(command, params)\nvenv\\Lib\\site-packages\\selenium\\webdriver\\remote\\webdriver.py:344: in execute\n    self.error_handler.check_response(response)\n_ _ _ _ _ _ _ _ _ _ _ _ _ _ _ _ _ _ _ _ _ _ _ _ _ _ _ _ _ _ _ _ _ _ _ _ _ _ _ _ _ _ _ _ _ _ _ _ _ _ _ _ _ _ _ _ _ _ _ _ _ _ _ _ _ _ _ _ _ _ _ _ _ _ _ _ _ _ _ _ _ _ _ _ _ _ _ _ _ _\n\nself = <selenium.webdriver.remote.errorhandler.ErrorHandler object at 0x00000160F6F0F650>\nresponse = {'status': 400, 'value': '{\"value\":{\"error\":\"element click intercepted\",\"message\":\"Element <p class=\\\\\"AppHeader_heade...sys.mjs:202:29\\\\nreceiveMessage@chrome://remote/content/marionette/actors/MarionetteCommandsChild.sys.mjs:84:31\\\\n\"}}'}\n\n    def check_response(self, response: Dict[str, Any]) -> None:\n        \"\"\"Checks that a JSON response from the WebDriver does not have an\n        error.\n    \n        :Args:\n         - response - The JSON response from the WebDriver server as a dictionary\n           object.\n    \n        :Raises: If the response contains an error message.\n        \"\"\"\n        status = response.get(\"status\", None)\n        if not status or status == ErrorCode.SUCCESS:\n            return\n        value = None\n        message = response.get(\"message\", \"\")\n        screen: str = response.get(\"screen\", \"\")\n        stacktrace = None\n        if isinstance(status, int):\n            value_json = response.get(\"value\", None)\n            if value_json and isinstance(value_json, str):\n                import json\n    \n                try:\n                    value = json.loads(value_json)\n                    if len(value) == 1:\n                        value = value[\"value\"]\n                    status = value.get(\"error\", None)\n                    if not status:\n                        status = value.get(\"status\", ErrorCode.UNKNOWN_ERROR)\n                        message = value.get(\"value\") or value.get(\"message\")\n                        if not isinstance(message, str):\n                            value = message\n                            message = message.get(\"message\")\n                    else:\n                        message = value.get(\"message\", None)\n                except ValueError:\n                    pass\n    \n        exception_class: Type[WebDriverException]\n        e = ErrorCode()\n        error_codes = [item for item in dir(e) if not item.startswith(\"__\")]\n        for error_code in error_codes:\n            error_info = getattr(ErrorCode, error_code)\n            if isinstance(error_info, list) and status in error_info:\n                exception_class = getattr(ExceptionMapping, error_code, WebDriverException)\n                break\n        else:\n            exception_class = WebDriverException\n    \n        if not value:\n            value = response[\"value\"]\n        if isinstance(value, str):\n            raise exception_class(value)\n        if message == \"\" and \"message\" in value:\n            message = value[\"message\"]\n    \n        screen = None  # type: ignore[assignment]\n        if \"screen\" in value:\n            screen = value[\"screen\"]\n    \n        stacktrace = None\n        st_value = value.get(\"stackTrace\") or value.get(\"stacktrace\")\n        if st_value:\n            if isinstance(st_value, str):\n                stacktrace = st_value.split(\"\\n\")\n            else:\n                stacktrace = []\n                try:\n                    for frame in st_value:\n                        line = frame.get(\"lineNumber\", \"\")\n                        file = frame.get(\"fileName\", \"<anonymous>\")\n                        if line:\n                            file = f\"{file}:{line}\"\n                        meth = frame.get(\"methodName\", \"<anonymous>\")\n                        if \"className\" in frame:\n                            meth = f\"{frame['className']}.{meth}\"\n                        msg = \"    at %s (%s)\"\n                        msg = msg % (meth, file)\n                        stacktrace.append(msg)\n                except TypeError:\n                    pass\n        if exception_class == UnexpectedAlertPresentException:\n            alert_text = None\n            if \"data\" in value:\n                alert_text = value[\"data\"].get(\"text\")\n            elif \"alert\" in value:\n                alert_text = value[\"alert\"].get(\"text\")\n            raise exception_class(message, screen, stacktrace, alert_text)  # type: ignore[call-arg]  # mypy is not smart enough here\n>       raise exception_class(message, screen, stacktrace)\nE       selenium.common.exceptions.ElementClickInterceptedException: Message: Element <p class=\"AppHeader_header__linkText__3q_va ml-2\"> is not clickable at point (104,44) because another element <div class=\"Modal_modal_overlay__x2ZCr\"> obscures it\nE       Stacktrace:\nE       RemoteError@chrome://remote/content/shared/RemoteError.sys.mjs:8:8\nE       WebDriverError@chrome://remote/content/shared/webdriver/Errors.sys.mjs:189:5\nE       ElementClickInterceptedError@chrome://remote/content/shared/webdriver/Errors.sys.mjs:333:5\nE       webdriverClickElement@chrome://remote/content/marionette/interaction.sys.mjs:160:11\nE       interaction.clickElement@chrome://remote/content/marionette/interaction.sys.mjs:119:11\nE       clickElement@chrome://remote/content/marionette/actors/MarionetteCommandsChild.sys.mjs:202:29\nE       receiveMessage@chrome://remote/content/marionette/actors/MarionetteCommandsChild.sys.mjs:84:31\n\nvenv\\Lib\\site-packages\\selenium\\webdriver\\remote\\errorhandler.py:229: ElementClickInterceptedException"}, "description": "Checks that authorised user is able to make compile a burger and place an order", "steps": [{"name": "Creating a new order", "status": "broken", "statusDetails": {"message": "selenium.common.exceptions.ElementClickInterceptedException: Message: Element <p class=\"AppHeader_header__linkText__3q_va ml-2\"> is not clickable at point (104,44) because another element <div class=\"Modal_modal_overlay__x2ZCr\"> obscures it\nStacktrace:\nRemoteError@chrome://remote/content/shared/RemoteError.sys.mjs:8:8\nWebDriverError@chrome://remote/content/shared/webdriver/Errors.sys.mjs:189:5\nElementClickInterceptedError@chrome://remote/content/shared/webdriver/Errors.sys.mjs:333:5\nwebdriverClickElement@chrome://remote/content/marionette/interaction.sys.mjs:160:11\ninteraction.clickElement@chrome://remote/content/marionette/interaction.sys.mjs:119:11\nclickElement@chrome://remote/content/marionette/actors/MarionetteCommandsChild.sys.mjs:202:29\nreceiveMessage@chrome://remote/content/marionette/actors/MarionetteCommandsChild.sys.mjs:84:31\n\n", "trace": "  File \"C:\\Users\\canon\\Documents\\QA Python\\Diplom\\Diplom_3\\venv\\Lib\\site-packages\\allure_commons\\_allure.py\", line 192, in impl\n    return func(*a, **kw)\n           ^^^^^^^^^^^^^^\n  File \"C:\\Users\\canon\\Documents\\QA Python\\Diplom\\Diplom_3\\pages\\main_page.py\", line 13, in create_new_order\n    self.click_element(Mpl.constructor_button_header)\n  File \"C:\\Users\\canon\\Documents\\QA Python\\Diplom\\Diplom_3\\venv\\Lib\\site-packages\\allure_commons\\_allure.py\", line 192, in impl\n    return func(*a, **kw)\n           ^^^^^^^^^^^^^^\n  File \"C:\\Users\\canon\\Documents\\QA Python\\Diplom\\Diplom_3\\pages\\base_page.py\", line 19, in click_element\n    WebDriverWait(self.driver, 10).until(ec.visibility_of_element_located(locator)).click()\n  File \"C:\\Users\\canon\\Documents\\QA Python\\Diplom\\Diplom_3\\venv\\Lib\\site-packages\\selenium\\webdriver\\remote\\webelement.py\", line 93, in click\n    self._execute(Command.CLICK_ELEMENT)\n  File \"C:\\Users\\canon\\Documents\\QA Python\\Diplom\\Diplom_3\\venv\\Lib\\site-packages\\selenium\\webdriver\\remote\\webelement.py\", line 394, in _execute\n    return self._parent.execute(command, params)\n           ^^^^^^^^^^^^^^^^^^^^^^^^^^^^^^^^^^^^^\n  File \"C:\\Users\\canon\\Documents\\QA Python\\Diplom\\Diplom_3\\venv\\Lib\\site-packages\\selenium\\webdriver\\remote\\webdriver.py\", line 344, in execute\n    self.error_handler.check_response(response)\n  File \"C:\\Users\\canon\\Documents\\QA Python\\Diplom\\Diplom_3\\venv\\Lib\\site-packages\\selenium\\webdriver\\remote\\errorhandler.py\", line 229, in check_response\n    raise exception_class(message, screen, stacktrace)\n"}, "steps": [{"name": "Clicking on the specified element", "status": "broken", "statusDetails": {"message": "selenium.common.exceptions.ElementClickInterceptedException: Message: Element <p class=\"AppHeader_header__linkText__3q_va ml-2\"> is not clickable at point (104,44) because another element <div class=\"Modal_modal_overlay__x2ZCr\"> obscures it\nStacktrace:\nRemoteError@chrome://remote/content/shared/RemoteError.sys.mjs:8:8\nWebDriverError@chrome://remote/content/shared/webdriver/Errors.sys.mjs:189:5\nElementClickInterceptedError@chrome://remote/content/shared/webdriver/Errors.sys.mjs:333:5\nwebdriverClickElement@chrome://remote/content/marionette/interaction.sys.mjs:160:11\ninteraction.clickElement@chrome://remote/content/marionette/interaction.sys.mjs:119:11\nclickElement@chrome://remote/content/marionette/actors/MarionetteCommandsChild.sys.mjs:202:29\nreceiveMessage@chrome://remote/content/marionette/actors/MarionetteCommandsChild.sys.mjs:84:31\n\n", "trace": "  File \"C:\\Users\\canon\\Documents\\QA Python\\Diplom\\Diplom_3\\venv\\Lib\\site-packages\\allure_commons\\_allure.py\", line 192, in impl\n    return func(*a, **kw)\n           ^^^^^^^^^^^^^^\n  File \"C:\\Users\\canon\\Documents\\QA Python\\Diplom\\Diplom_3\\pages\\base_page.py\", line 19, in click_element\n    WebDriverWait(self.driver, 10).until(ec.visibility_of_element_located(locator)).click()\n  File \"C:\\Users\\canon\\Documents\\QA Python\\Diplom\\Diplom_3\\venv\\Lib\\site-packages\\selenium\\webdriver\\remote\\webelement.py\", line 93, in click\n    self._execute(Command.CLICK_ELEMENT)\n  File \"C:\\Users\\canon\\Documents\\QA Python\\Diplom\\Diplom_3\\venv\\Lib\\site-packages\\selenium\\webdriver\\remote\\webelement.py\", line 394, in _execute\n    return self._parent.execute(command, params)\n           ^^^^^^^^^^^^^^^^^^^^^^^^^^^^^^^^^^^^^\n  File \"C:\\Users\\canon\\Documents\\QA Python\\Diplom\\Diplom_3\\venv\\Lib\\site-packages\\selenium\\webdriver\\remote\\webdriver.py\", line 344, in execute\n    self.error_handler.check_response(response)\n  File \"C:\\Users\\canon\\Documents\\QA Python\\Diplom\\Diplom_3\\venv\\Lib\\site-packages\\selenium\\webdriver\\remote\\errorhandler.py\", line 229, in check_response\n    raise exception_class(message, screen, stacktrace)\n"}, "parameters": [{"name": "locator", "value": "('xpath', \".//p[text()='Конструктор']\")"}], "start": 1701706447159, "stop": 1701706447403}], "start": 1701706447159, "stop": 1701706447450}], "parameters": [{"name": "driver", "value": "'firefox'"}], "start": 1701706447159, "stop": 1701706447466, "uuid": "c017a7b3-14b6-4cc3-a871-713fc0e628dc", "historyId": "c1706cf20d6b322285aa9d306a0eb59c", "testCaseId": "fab80f276adb614045e8a348e445cd09", "fullName": "tests.test_main_functionality.TestMainFunctionality#test_authorised_user_place_order", "labels": [{"name": "parentSuite", "value": "tests"}, {"name": "suite", "value": "test_main_functionality"}, {"name": "subSuite", "value": "TestMainFunctionality"}, {"name": "host", "value": "Airforce3"}, {"name": "thread", "value": "12724-MainThread"}, {"name": "framework", "value": "pytest"}, {"name": "language", "value": "cpython3"}, {"name": "package", "value": "tests.test_main_functionality"}]}