{"uuid": "0ec00849-bfe9-4b75-907e-9483a93de691", "children": ["2cbdb069-2a16-4815-a5d4-29bbeca0aac2"], "befores": [{"name": "create_new_order_and_get_its_number", "status": "broken", "statusDetails": {"message": "selenium.common.exceptions.TimeoutException: Message: \n\n", "trace": "  File \"C:\\Users\\canon\\Documents\\QA Python\\Diplom\\Diplom_3\\venv\\Lib\\site-packages\\pluggy\\_callers.py\", line 77, in _multicall\n    res = hook_impl.function(*args)\n          ^^^^^^^^^^^^^^^^^^^^^^^^^\n  File \"C:\\Users\\canon\\Documents\\QA Python\\Diplom\\Diplom_3\\venv\\Lib\\site-packages\\_pytest\\fixtures.py\", line 1123, in pytest_fixture_setup\n    result = call_fixture_func(fixturefunc, request, kwargs)\n             ^^^^^^^^^^^^^^^^^^^^^^^^^^^^^^^^^^^^^^^^^^^^^^^\n  File \"C:\\Users\\canon\\Documents\\QA Python\\Diplom\\Diplom_3\\venv\\Lib\\site-packages\\_pytest\\fixtures.py\", line 902, in call_fixture_func\n    fixture_result = fixturefunc(**kwargs)\n                     ^^^^^^^^^^^^^^^^^^^^^\n  File \"C:\\Users\\canon\\Documents\\QA Python\\Diplom\\Diplom_3\\tests\\conftest.py\", line 72, in create_new_order_and_get_its_number\n    main_page.check_if_created_order_number_is_shown()\n  File \"C:\\Users\\canon\\Documents\\QA Python\\Diplom\\Diplom_3\\venv\\Lib\\site-packages\\allure_commons\\_allure.py\", line 192, in impl\n    return func(*a, **kw)\n           ^^^^^^^^^^^^^^\n  File \"C:\\Users\\canon\\Documents\\QA Python\\Diplom\\Diplom_3\\pages\\main_page.py\", line 21, in check_if_created_order_number_is_shown\n    self.wait_till_text_is_shown(Mpl.order_number, '0')\n  File \"C:\\Users\\canon\\Documents\\QA Python\\Diplom\\Diplom_3\\venv\\Lib\\site-packages\\allure_commons\\_allure.py\", line 192, in impl\n    return func(*a, **kw)\n           ^^^^^^^^^^^^^^\n  File \"C:\\Users\\canon\\Documents\\QA Python\\Diplom\\Diplom_3\\pages\\base_page.py\", line 49, in wait_till_text_is_shown\n    WebDriverWait(self.driver, 10).until(ec.text_to_be_present_in_element(locator, text))\n  File \"C:\\Users\\canon\\Documents\\QA Python\\Diplom\\Diplom_3\\venv\\Lib\\site-packages\\selenium\\webdriver\\support\\wait.py\", line 95, in until\n    raise TimeoutException(message, screen, stacktrace)\n"}, "steps": [{"name": "Clicking on the specified element", "status": "passed", "parameters": [{"name": "locator", "value": "('xpath', \".//p[text()='Конструктор']\")"}], "start": 1701705966221, "stop": 1701705966833}, {"name": "Drag and drop the element", "status": "passed", "steps": [{"name": "Checking visibility of the specified element ", "status": "passed", "parameters": [{"name": "locator", "value": "('xpath', \".//p[text()='Мясо бессмертных моллюсков Protostomia']\")"}], "start": 1701705966836, "stop": 1701705967082}, {"name": "Checking visibility of the specified element ", "status": "passed", "parameters": [{"name": "locator", "value": "('xpath', \".//span[text()='Перетяните булочку сюда (верх)']\")"}], "start": 1701705967082, "stop": 1701705967209}], "parameters": [{"name": "source_locator", "value": "('xpath', \".//p[text()='Мясо бессмертных моллюсков Protostomia']\")"}, {"name": "target_locator", "value": "('xpath', \".//span[text()='Перетяните булочку сюда (верх)']\")"}], "start": 1701705966836, "stop": 1701705968285}, {"name": "Drag and drop the element", "status": "passed", "steps": [{"name": "Checking visibility of the specified element ", "status": "passed", "parameters": [{"name": "locator", "value": "('xpath', \".//p[text()='Флюоресцентная булка R2-D3']\")"}], "start": 1701705968285, "stop": 1701705968457}, {"name": "Checking visibility of the specified element ", "status": "passed", "parameters": [{"name": "locator", "value": "('xpath', \".//span[text()='Перетяните булочку сюда (верх)']\")"}], "start": 1701705968458, "stop": 1701705968523}], "parameters": [{"name": "source_locator", "value": "('xpath', \".//p[text()='Флюоресцентная булка R2-D3']\")"}, {"name": "target_locator", "value": "('xpath', \".//span[text()='Перетяните булочку сюда (верх)']\")"}], "start": 1701705968285, "stop": 1701705969170}, {"name": "Clicking on the specified element", "status": "passed", "parameters": [{"name": "locator", "value": "('xpath', \".//button[text()='Оформить заказ']\")"}], "start": 1701705969170, "stop": 1701705969304}, {"name": "Checking that created order number is shown in confirmation order window", "status": "broken", "statusDetails": {"message": "selenium.common.exceptions.TimeoutException: Message: \n\n", "trace": "  File \"C:\\Users\\canon\\Documents\\QA Python\\Diplom\\Diplom_3\\venv\\Lib\\site-packages\\allure_commons\\_allure.py\", line 192, in impl\n    return func(*a, **kw)\n           ^^^^^^^^^^^^^^\n  File \"C:\\Users\\canon\\Documents\\QA Python\\Diplom\\Diplom_3\\pages\\main_page.py\", line 21, in check_if_created_order_number_is_shown\n    self.wait_till_text_is_shown(Mpl.order_number, '0')\n  File \"C:\\Users\\canon\\Documents\\QA Python\\Diplom\\Diplom_3\\venv\\Lib\\site-packages\\allure_commons\\_allure.py\", line 192, in impl\n    return func(*a, **kw)\n           ^^^^^^^^^^^^^^\n  File \"C:\\Users\\canon\\Documents\\QA Python\\Diplom\\Diplom_3\\pages\\base_page.py\", line 49, in wait_till_text_is_shown\n    WebDriverWait(self.driver, 10).until(ec.text_to_be_present_in_element(locator, text))\n  File \"C:\\Users\\canon\\Documents\\QA Python\\Diplom\\Diplom_3\\venv\\Lib\\site-packages\\selenium\\webdriver\\support\\wait.py\", line 95, in until\n    raise TimeoutException(message, screen, stacktrace)\n"}, "steps": [{"name": "Checking that in certain element its text has changed", "status": "broken", "statusDetails": {"message": "selenium.common.exceptions.TimeoutException: Message: \n\n", "trace": "  File \"C:\\Users\\canon\\Documents\\QA Python\\Diplom\\Diplom_3\\venv\\Lib\\site-packages\\allure_commons\\_allure.py\", line 192, in impl\n    return func(*a, **kw)\n           ^^^^^^^^^^^^^^\n  File \"C:\\Users\\canon\\Documents\\QA Python\\Diplom\\Diplom_3\\pages\\base_page.py\", line 49, in wait_till_text_is_shown\n    WebDriverWait(self.driver, 10).until(ec.text_to_be_present_in_element(locator, text))\n  File \"C:\\Users\\canon\\Documents\\QA Python\\Diplom\\Diplom_3\\venv\\Lib\\site-packages\\selenium\\webdriver\\support\\wait.py\", line 95, in until\n    raise TimeoutException(message, screen, stacktrace)\n"}, "parameters": [{"name": "locator", "value": "('xpath', \".//p[text()='идентификатор заказа']/../h2\")"}, {"name": "text", "value": "'0'"}], "start": 1701705969306, "stop": 1701705979460}], "start": 1701705969305, "stop": 1701705979472}], "start": 1701705966220, "stop": 1701705979472}], "start": 1701705966220, "stop": 1701705979538}